
> loan-prediction-frontend@0.1.0 start
> react-scripts start

🔧 Proxy Configuration:
   Codespaces: true
   Public Tunnel: false
   API Target: http://localhost:5000/api
(node:18931) [DEP_WEBPACK_DEV_SERVER_ON_AFTER_SETUP_MIDDLEWARE] DeprecationWarning: 'onAfterSetupMiddleware' option is deprecated. Please use the 'setupMiddlewares' option.
(Use `node --trace-deprecation ...` to show where the warning was created)
(node:18931) [DEP_WEBPACK_DEV_SERVER_ON_BEFORE_SETUP_MIDDLEWARE] DeprecationWarning: 'onBeforeSetupMiddleware' option is deprecated. Please use the 'setupMiddlewares' option.
Starting the development server...

Compiled successfully!

You can now view loan-prediction-frontend in the browser.

  Local:            http://localhost:3000
  On Your Network:  http://10.0.1.167:3000

Note that the development build is not optimized.
To create a production build, use npm run build.

webpack compiled successfully
Files successfully emitted, waiting for typecheck results...
Issues checking in progress...
(node:18931) [DEP0060] DeprecationWarning: The `util._extend` API is deprecated. Please use Object.assign() instead.
No issues found.
Compiling...
Compiled successfully!
webpack compiled successfully
No issues found.
Compiling...
Compiled successfully!
webpack compiled successfully
No issues found.
Compiling...
Compiled successfully!
webpack compiled successfully
No issues found.
Compiling...
Compiled successfully!
webpack compiled successfully
Files successfully emitted, waiting for typecheck results...
Issues checking in progress...
ERROR in src/components/debug/AuthDebugInfo.tsx:2:25
TS2307: Cannot find module '../services/authService' or its corresponding type declarations.
    1 | import React, { useEffect, useState } from 'react';
  > 2 | import authService from '../services/authService';
      |                         ^^^^^^^^^^^^^^^^^^^^^^^^^
    3 |
    4 | const AuthDebugInfo: React.FC = () => {
    5 |   const [debugInfo, setDebugInfo] = useState<any>({});

Compiling...
Compiled with warnings.

[eslint] 
src/pages/BatchProcessing.tsx
  Line 15:8:  'AuthDebugInfo' is defined but never used  @typescript-eslint/no-unused-vars

Search for the keywords to learn more about each warning.
To ignore, add // eslint-disable-next-line to the line before.

WARNING in [eslint] 
src/pages/BatchProcessing.tsx
  Line 15:8:  'AuthDebugInfo' is defined but never used  @typescript-eslint/no-unused-vars

webpack compiled with 1 warning
ERROR in src/components/debug/AuthDebugInfo.tsx:2:25
TS2307: Cannot find module '../services/authService' or its corresponding type declarations.
    1 | import React, { useEffect, useState } from 'react';
  > 2 | import authService from '../services/authService';
      |                         ^^^^^^^^^^^^^^^^^^^^^^^^^
    3 |
    4 | const AuthDebugInfo: React.FC = () => {
    5 |   const [debugInfo, setDebugInfo] = useState<any>({});

Compiling...
Failed to compile.

Module not found: Error: Can't resolve '../services/authService' in '/workspaces/loan-default-detection/loan-prediction-frontend/src/components/debug'
ERROR in ./src/components/debug/AuthDebugInfo.tsx 6:0-50
Module not found: Error: Can't resolve '../services/authService' in '/workspaces/loan-default-detection/loan-prediction-frontend/src/components/debug'

webpack compiled with 1 error
ERROR in src/components/debug/AuthDebugInfo.tsx:2:25
TS2307: Cannot find module '../services/authService' or its corresponding type declarations.
    1 | import React, { useEffect, useState } from 'react';
  > 2 | import authService from '../services/authService';
      |                         ^^^^^^^^^^^^^^^^^^^^^^^^^
    3 |
    4 | const AuthDebugInfo: React.FC = () => {
    5 |   const [debugInfo, setDebugInfo] = useState<any>({});

Compiling...
Failed to compile.

Module not found: Error: Can't resolve '../services/authService' in '/workspaces/loan-default-detection/loan-prediction-frontend/src/components/debug'
ERROR in ./src/components/debug/AuthDebugInfo.tsx 6:0-50
Module not found: Error: Can't resolve '../services/authService' in '/workspaces/loan-default-detection/loan-prediction-frontend/src/components/debug'

webpack compiled with 1 error
Compiling...
ERROR in src/components/common/ErrorBoundary.tsx
TS1208: 'ErrorBoundary.tsx' cannot be compiled under '--isolatedModules' because it is considered a global script file. Add an import, export, or an empty 'export {}' statement to make it a module.

ERROR in src/components/debug/AuthDebugInfo.tsx:2:25
TS2307: Cannot find module '../services/authService' or its corresponding type declarations.
    1 | import React, { useEffect, useState } from 'react';
  > 2 | import authService from '../services/authService';
      |                         ^^^^^^^^^^^^^^^^^^^^^^^^^
    3 |
    4 | const AuthDebugInfo: React.FC = () => {
    5 |   const [debugInfo, setDebugInfo] = useState<any>({});

Failed to compile.

Module not found: Error: Can't resolve '../services/authService' in '/workspaces/loan-default-detection/loan-prediction-frontend/src/components/debug'
ERROR in ./src/components/debug/AuthDebugInfo.tsx 6:0-50
Module not found: Error: Can't resolve '../services/authService' in '/workspaces/loan-default-detection/loan-prediction-frontend/src/components/debug'

webpack compiled with 1 error
ERROR in src/components/debug/AuthDebugInfo.tsx:2:25
TS2307: Cannot find module '../services/authService' or its corresponding type declarations.
    1 | import React, { useEffect, useState } from 'react';
  > 2 | import authService from '../services/authService';
      |                         ^^^^^^^^^^^^^^^^^^^^^^^^^
    3 |
    4 | const AuthDebugInfo: React.FC = () => {
    5 |   const [debugInfo, setDebugInfo] = useState<any>({});

Compiling...
Failed to compile.

Module not found: Error: Can't resolve '../services/authService' in '/workspaces/loan-default-detection/loan-prediction-frontend/src/components/debug'
ERROR in ./src/components/debug/AuthDebugInfo.tsx 6:0-50
Module not found: Error: Can't resolve '../services/authService' in '/workspaces/loan-default-detection/loan-prediction-frontend/src/components/debug'

webpack compiled with 1 error
ERROR in src/components/debug/AuthDebugInfo.tsx:2:25
TS2307: Cannot find module '../services/authService' or its corresponding type declarations.
    1 | import React, { useEffect, useState } from 'react';
  > 2 | import authService from '../services/authService';
      |                         ^^^^^^^^^^^^^^^^^^^^^^^^^
    3 |
    4 | const AuthDebugInfo: React.FC = () => {
    5 |   const [debugInfo, setDebugInfo] = useState<any>({});

Compiling...
Failed to compile.

Module not found: Error: Can't resolve '../services/authService' in '/workspaces/loan-default-detection/loan-prediction-frontend/src/components/debug'
WARNING in [eslint] 
src/pages/BatchProcessing.tsx
  Line 16:8:  'ErrorBoundary' is defined but never used  @typescript-eslint/no-unused-vars

ERROR in ./src/components/debug/AuthDebugInfo.tsx 6:0-50
Module not found: Error: Can't resolve '../services/authService' in '/workspaces/loan-default-detection/loan-prediction-frontend/src/components/debug'

webpack compiled with 1 error and 1 warning
ERROR in src/components/debug/AuthDebugInfo.tsx:2:25
TS2307: Cannot find module '../services/authService' or its corresponding type declarations.
    1 | import React, { useEffect, useState } from 'react';
  > 2 | import authService from '../services/authService';
      |                         ^^^^^^^^^^^^^^^^^^^^^^^^^
    3 |
    4 | const AuthDebugInfo: React.FC = () => {
    5 |   const [debugInfo, setDebugInfo] = useState<any>({});

Compiling...
Failed to compile.

Module not found: Error: Can't resolve '../services/authService' in '/workspaces/loan-default-detection/loan-prediction-frontend/src/components/debug'
ERROR in ./src/components/debug/AuthDebugInfo.tsx 6:0-50
Module not found: Error: Can't resolve '../services/authService' in '/workspaces/loan-default-detection/loan-prediction-frontend/src/components/debug'

webpack compiled with 1 error
ERROR in src/components/debug/AuthDebugInfo.tsx:2:25
TS2307: Cannot find module '../services/authService' or its corresponding type declarations.
    1 | import React, { useEffect, useState } from 'react';
  > 2 | import authService from '../services/authService';
      |                         ^^^^^^^^^^^^^^^^^^^^^^^^^
    3 |
    4 | const AuthDebugInfo: React.FC = () => {
    5 |   const [debugInfo, setDebugInfo] = useState<any>({});

Compiling...
Failed to compile.

SyntaxError: /workspaces/loan-default-detection/loan-prediction-frontend/src/pages/BatchProcessing.tsx: Unexpected token (631:0)
  629 |   );
  630 | };
> 631 | };
      | ^
  632 |
  633 | export default BatchProcessing;
  634 |
    at parser.next (<anonymous>)
    at normalizeFile.next (<anonymous>)
    at run.next (<anonymous>)
    at transform.next (<anonymous>)
WARNING in [eslint] 
src/pages/BatchProcessing.tsx
  Line 631:  Parsing error: Declaration or statement expected

ERROR in ./src/pages/BatchProcessing.tsx
Module build failed (from ./node_modules/babel-loader/lib/index.js):
SyntaxError: /workspaces/loan-default-detection/loan-prediction-frontend/src/pages/BatchProcessing.tsx: Unexpected token (631:0)

  629 |   );
  630 | };
> 631 | };
      | ^
  632 |
  633 | export default BatchProcessing;
  634 |
    at constructor (/workspaces/loan-default-detection/loan-prediction-frontend/node_modules/@babel/parser/lib/index.js:367:19)
    at TypeScriptParserMixin.raise (/workspaces/loan-default-detection/loan-prediction-frontend/node_modules/@babel/parser/lib/index.js:6630:19)
    at TypeScriptParserMixin.unexpected (/workspaces/loan-default-detection/loan-prediction-frontend/node_modules/@babel/parser/lib/index.js:6650:16)
    at TypeScriptParserMixin.parseExprAtom (/workspaces/loan-default-detection/loan-prediction-frontend/node_modules/@babel/parser/lib/index.js:11451:16)
    at TypeScriptParserMixin.parseExprAtom (/workspaces/loan-default-detection/loan-prediction-frontend/node_modules/@babel/parser/lib/index.js:4797:20)
    at TypeScriptParserMixin.parseExprSubscripts (/workspaces/loan-default-detection/loan-prediction-frontend/node_modules/@babel/parser/lib/index.js:11085:23)
    at TypeScriptParserMixin.parseUpdate (/workspaces/loan-default-detection/loan-prediction-frontend/node_modules/@babel/parser/lib/index.js:11070:21)
    at TypeScriptParserMixin.parseMaybeUnary (/workspaces/loan-default-detection/loan-prediction-frontend/node_modules/@babel/parser/lib/index.js:11050:23)
    at TypeScriptParserMixin.parseMaybeUnary (/workspaces/loan-default-detection/loan-prediction-frontend/node_modules/@babel/parser/lib/index.js:9857:18)
    at TypeScriptParserMixin.parseMaybeUnaryOrPrivate (/workspaces/loan-default-detection/loan-prediction-frontend/node_modules/@babel/parser/lib/index.js:10903:61)
    at TypeScriptParserMixin.parseExprOps (/workspaces/loan-default-detection/loan-prediction-frontend/node_modules/@babel/parser/lib/index.js:10908:23)
    at TypeScriptParserMixin.parseMaybeConditional (/workspaces/loan-default-detection/loan-prediction-frontend/node_modules/@babel/parser/lib/index.js:10885:23)
    at TypeScriptParserMixin.parseMaybeAssign (/workspaces/loan-default-detection/loan-prediction-frontend/node_modules/@babel/parser/lib/index.js:10835:21)
    at TypeScriptParserMixin.parseMaybeAssign (/workspaces/loan-default-detection/loan-prediction-frontend/node_modules/@babel/parser/lib/index.js:9806:20)
    at TypeScriptParserMixin.parseExpressionBase (/workspaces/loan-default-detection/loan-prediction-frontend/node_modules/@babel/parser/lib/index.js:10788:23)
    at /workspaces/loan-default-detection/loan-prediction-frontend/node_modules/@babel/parser/lib/index.js:10784:39
    at TypeScriptParserMixin.allowInAnd (/workspaces/loan-default-detection/loan-prediction-frontend/node_modules/@babel/parser/lib/index.js:12431:16)
    at TypeScriptParserMixin.parseExpression (/workspaces/loan-default-detection/loan-prediction-frontend/node_modules/@babel/parser/lib/index.js:10784:17)
    at TypeScriptParserMixin.parseStatementContent (/workspaces/loan-default-detection/loan-prediction-frontend/node_modules/@babel/parser/lib/index.js:12904:23)
    at TypeScriptParserMixin.parseStatementContent (/workspaces/loan-default-detection/loan-prediction-frontend/node_modules/@babel/parser/lib/index.js:9532:18)
    at TypeScriptParserMixin.parseStatementLike (/workspaces/loan-default-detection/loan-prediction-frontend/node_modules/@babel/parser/lib/index.js:12776:17)
    at TypeScriptParserMixin.parseModuleItem (/workspaces/loan-default-detection/loan-prediction-frontend/node_modules/@babel/parser/lib/index.js:12753:17)
    at TypeScriptParserMixin.parseBlockOrModuleBlockBody (/workspaces/loan-default-detection/loan-prediction-frontend/node_modules/@babel/parser/lib/index.js:13325:36)
    at TypeScriptParserMixin.parseBlockBody (/workspaces/loan-default-detection/loan-prediction-frontend/node_modules/@babel/parser/lib/index.js:13318:10)
    at TypeScriptParserMixin.parseProgram (/workspaces/loan-default-detection/loan-prediction-frontend/node_modules/@babel/parser/lib/index.js:12634:10)
    at TypeScriptParserMixin.parseTopLevel (/workspaces/loan-default-detection/loan-prediction-frontend/node_modules/@babel/parser/lib/index.js:12624:25)
    at TypeScriptParserMixin.parse (/workspaces/loan-default-detection/loan-prediction-frontend/node_modules/@babel/parser/lib/index.js:14501:10)
    at TypeScriptParserMixin.parse (/workspaces/loan-default-detection/loan-prediction-frontend/node_modules/@babel/parser/lib/index.js:10149:18)
    at parse (/workspaces/loan-default-detection/loan-prediction-frontend/node_modules/@babel/parser/lib/index.js:14535:38)
    at parser (/workspaces/loan-default-detection/loan-prediction-frontend/node_modules/@babel/core/lib/parser/index.js:41:34)
    at parser.next (<anonymous>)
    at normalizeFile (/workspaces/loan-default-detection/loan-prediction-frontend/node_modules/@babel/core/lib/transformation/normalize-file.js:64:37)
    at normalizeFile.next (<anonymous>)
    at run (/workspaces/loan-default-detection/loan-prediction-frontend/node_modules/@babel/core/lib/transformation/index.js:22:50)
    at run.next (<anonymous>)
    at transform (/workspaces/loan-default-detection/loan-prediction-frontend/node_modules/@babel/core/lib/transform.js:22:33)
    at transform.next (<anonymous>)
    at step (/workspaces/loan-default-detection/loan-prediction-frontend/node_modules/gensync/index.js:261:32)
    at /workspaces/loan-default-detection/loan-prediction-frontend/node_modules/gensync/index.js:273:13
    at async.call.result.err.err (/workspaces/loan-default-detection/loan-prediction-frontend/node_modules/gensync/index.js:223:11)

webpack compiled with 1 error and 1 warning
ERROR in src/components/debug/AuthDebugInfo.tsx:2:25
TS2307: Cannot find module '../services/authService' or its corresponding type declarations.
    1 | import React, { useEffect, useState } from 'react';
  > 2 | import authService from '../services/authService';
      |                         ^^^^^^^^^^^^^^^^^^^^^^^^^
    3 |
    4 | const AuthDebugInfo: React.FC = () => {
    5 |   const [debugInfo, setDebugInfo] = useState<any>({});

ERROR in src/pages/BatchProcessing.tsx:631:1
TS1128: Declaration or statement expected.
    629 |   );
    630 | };
  > 631 | };
        | ^
    632 |
    633 | export default BatchProcessing;
    634 |

Compiling...
Failed to compile.

Module parse failed: Duplicate export 'default' (1123:7)
File was processed with these loaders:
 * ./node_modules/@pmmmwh/react-refresh-webpack-plugin/loader/index.js
 * ./node_modules/babel-loader/lib/index.js
 * ./node_modules/source-map-loader/dist/cjs.js
You may need an additional loader to handle the result of these loaders.
| _c2 = BatchProcessingContent;
| export default BatchProcessing;
> export default BatchProcessing;
| var _c, _c2;
| $RefreshReg$(_c, "BatchProcessing");
ERROR in ./src/pages/BatchProcessing.tsx 1123:7
Module parse failed: Duplicate export 'default' (1123:7)
File was processed with these loaders:
 * ./node_modules/@pmmmwh/react-refresh-webpack-plugin/loader/index.js
 * ./node_modules/babel-loader/lib/index.js
 * ./node_modules/source-map-loader/dist/cjs.js
You may need an additional loader to handle the result of these loaders.
| _c2 = BatchProcessingContent;
| export default BatchProcessing;
> export default BatchProcessing;
| var _c, _c2;
| $RefreshReg$(_c, "BatchProcessing");

webpack compiled with 1 error
ERROR in src/components/debug/AuthDebugInfo.tsx:2:25
TS2307: Cannot find module '../services/authService' or its corresponding type declarations.
    1 | import React, { useEffect, useState } from 'react';
  > 2 | import authService from '../services/authService';
      |                         ^^^^^^^^^^^^^^^^^^^^^^^^^
    3 |
    4 | const AuthDebugInfo: React.FC = () => {
    5 |   const [debugInfo, setDebugInfo] = useState<any>({});

ERROR in src/pages/BatchProcessing.tsx:632:16
TS2528: A module cannot have multiple default exports.
    630 | };
    631 |
  > 632 | export default BatchProcessing;
        |                ^^^^^^^^^^^^^^^
    633 |
    634 | export default BatchProcessing;
    635 |

ERROR in src/pages/BatchProcessing.tsx:634:16
TS2528: A module cannot have multiple default exports.
    632 | export default BatchProcessing;
    633 |
  > 634 | export default BatchProcessing;
        |                ^^^^^^^^^^^^^^^
    635 |

Compiling...
Failed to compile.

Module not found: Error: Can't resolve '../services/authService' in '/workspaces/loan-default-detection/loan-prediction-frontend/src/components/debug'
ERROR in ./src/components/debug/AuthDebugInfo.tsx 6:0-50
Module not found: Error: Can't resolve '../services/authService' in '/workspaces/loan-default-detection/loan-prediction-frontend/src/components/debug'

webpack compiled with 1 error
Files successfully emitted, waiting for typecheck results...
Issues checking in progress...
ERROR in src/components/debug/AuthDebugInfo.tsx:2:25
TS2307: Cannot find module '../services/authService' or its corresponding type declarations.
    1 | import React, { useEffect, useState } from 'react';
  > 2 | import authService from '../services/authService';
      |                         ^^^^^^^^^^^^^^^^^^^^^^^^^
    3 |
    4 | const AuthDebugInfo: React.FC = () => {
    5 |   const [debugInfo, setDebugInfo] = useState<any>({});

Compiling...
Compiled successfully!
webpack compiled successfully
No issues found.
